<?xml version="1.0" encoding="UTF-8"?>
<testsuite xmlns:xsi="http://www.w3.org/2001/XMLSchema-instance" xsi:noNamespaceSchemaLocation="https://maven.apache.org/surefire/maven-surefire-plugin/xsd/surefire-test-report-3.0.xsd" version="3.0" name="serenitysample.LoginTest" time="26.828" tests="1" errors="0" skipped="0" failures="0">
  <properties>
[...]
</properties>
  <testcase name="doLogin" classname="serenitysample.LoginTest" time="23.649">
    <system-out><![CDATA[12:50:10.627 [main] INFO  - 

-------------------------------------------------------------------------------------
     _______. _______ .______       _______ .__   __.  __  .___________.____    ____ 
    /       ||   ____||   _  \     |   ____||  \ |  | |  | |           |\   \  /   / 
   |   (----`|  |__   |  |_)  |    |  |__   |   \|  | |  | `---|  |----` \   \/   /  
    \   \    |   __|  |      /     |   __|  |  . `  | |  |     |  |       \_    _/   
.----)   |   |  |____ |  |\  \----.|  |____ |  |\   | |  |     |  |         |  |     
|_______/    |_______|| _| `._____||_______||__| \__| |__|     |__|         |__|    
                                                                                     
 News and tutorials at http://www.serenity-bdd.info                                  
 Documentation at https://wakaleo.gitbooks.io/the-serenity-book/content/             
 Join the Serenity Community on Gitter: https://gitter.im/serenity-bdd/serenity-core 
 Serenity BDD Support and Training at http://serenity-bdd.info/#/trainingandsupport  
-------------------------------------------------------------------------------------

12:50:10.876 [main] DEBUG net.thucydides.core.steps.StepEventBus - Test suite started for class serenitysample.LoginTest
12:50:10.946 [main] INFO  - Test Suite Started: Login test
12:50:11.014 [main] INFO  - 
  _____   ___   ___   _____     ___   _____     _     ___   _____   ___   ___  
 |_   _| | __| / __| |_   _|   / __| |_   _|   /_\   | _ \ |_   _| | __| |   \ 
   | |   | _|  \__ \   | |     \__ \   | |    / _ \  |   /   | |   | _|  | |) |
   |_|   |___| |___/   |_|     |___/   |_|   /_/ \_\ |_|_\   |_|   |___| |___/ 

doLogin
--------------------------------------------------------------------------------
12:50:12.126 [main] DEBUG net.thucydides.core.steps.StepInterceptor - STARTING STEP: LoginTest.doLogin - onLoginPage
12:50:12.253 [main] INFO net.serenitybdd.core.webdriver.driverproviders.ChromeDriverProvider - Using automatically driver download
12:50:14.421 [main] DEBUG io.github.bonigarcia.wdm.cache.ResolutionCache - Resolution chrome=107 in cache (valid until 13:46:22 07/11/2022 AEDT)
12:50:14.424 [main] DEBUG io.github.bonigarcia.wdm.cache.ResolutionCache - Resolution chrome107=107.0.5304.62 in cache (valid until 12:46:22 08/11/2022 AEDT)
12:50:14.425 [main] INFO io.github.bonigarcia.wdm.WebDriverManager - Using chromedriver 107.0.5304.62 (resolved driver for Chrome 107)
12:50:14.482 [main] DEBUG io.github.bonigarcia.wdm.WebDriverManager - Driver chromedriver 107.0.5304.62 found in cache
12:50:14.484 [main] INFO io.github.bonigarcia.wdm.WebDriverManager - Exporting webdriver.chrome.driver as C:\Users\61406\.cache\selenium\chromedriver\win32\107.0.5304.62\chromedriver.exe
12:50:16.132 [main] DEBUG net.thucydides.core.reflection.ClassFinder - Could not load class .UIPages.LoginPage
12:50:16.133 [main] DEBUG net.thucydides.core.reflection.ClassFinder - Could not load class .serenitysample.LoginTest
12:50:16.133 [main] DEBUG net.thucydides.core.reflection.ClassFinder - Could not load class .steps.LoginPageSteps
12:50:16.134 [main] DEBUG net.thucydides.core.reflection.ClassFinder - Could not load class META-INF.versions.9.com.sun.istack.logging.StackHelper
12:50:16.134 [main] DEBUG net.thucydides.core.reflection.ClassFinder - Could not load class META-INF.versions.9.com.sun.xml.bind.v2.runtime.reflect.opt.AccessorInjector
12:50:16.135 [main] DEBUG net.thucydides.core.reflection.ClassFinder - Could not load class META-INF.versions.9.com.sun.xml.bind.v2.runtime.reflect.opt.Injector
12:50:16.136 [main] DEBUG net.thucydides.core.reflection.ClassFinder - Could not load class META-INF.versions.9.com.sun.xml.bind.v2.runtime.reflect.opt.OptimizedAccessorFactory
12:50:16.138 [main] DEBUG net.thucydides.core.reflection.ClassFinder - Could not load class META-INF.versions.9.com.sun.xml.bind.v2.runtime.reflect.opt.OptimizedTransducedAccessorFactory
12:50:16.139 [main] DEBUG net.thucydides.core.reflection.ClassFinder - Could not load class META-INF.versions.9.io.opentelemetry.sdk.internal.CurrentJavaVersionSpecific
12:50:16.139 [main] DEBUG net.thucydides.core.reflection.ClassFinder - Could not load class META-INF.versions.9.io.opentelemetry.sdk.internal.Java9VersionSpecific
12:50:16.140 [main] DEBUG net.thucydides.core.reflection.ClassFinder - Could not load class META-INF.versions.9.javax.xml.bind.ModuleUtil
12:50:16.140 [main] DEBUG net.thucydides.core.reflection.ClassFinder - Could not load class META-INF.versions.9.module-info
12:50:16.142 [main] DEBUG net.thucydides.core.reflection.ClassFinder - Could not load class META-INF.versions.9.org.junit.platform.commons.util.ModuleUtils
12:50:16.798 [main] DEBUG net.thucydides.core.reflection.ClassFinder - Could not load class com.google.gson.internal.
12:50:16.974 [main] DEBUG net.thucydides.core.reflection.ClassFinder - Could not load class com.sun.xml.bind.v2.runtime.output.FastInfosetStreamWriterOutput
12:50:18.100 [main] DEBUG net.thucydides.core.reflection.ClassFinder - Could not load class module-info
12:50:25.115 [main] DEBUG io.netty.util.internal.logging.InternalLoggerFactory - Using SLF4J as the default logging framework
12:50:25.120 [main] DEBUG io.netty.util.ResourceLeakDetector - -Dio.netty.leakDetection.level: simple
12:50:25.121 [main] DEBUG io.netty.util.ResourceLeakDetector - -Dio.netty.leakDetection.targetRecords: 4
12:50:25.129 [main] DEBUG io.netty.util.ResourceLeakDetectorFactory - Loaded default ResourceLeakDetector: io.netty.util.ResourceLeakDetector@142422a4
12:50:25.163 [main] DEBUG io.netty.util.internal.PlatformDependent0 - -Dio.netty.noUnsafe: false
12:50:25.164 [main] DEBUG io.netty.util.internal.PlatformDependent0 - Java version: 17
12:50:25.165 [main] DEBUG io.netty.util.internal.PlatformDependent0 - sun.misc.Unsafe.theUnsafe: available
12:50:25.166 [main] DEBUG io.netty.util.internal.PlatformDependent0 - sun.misc.Unsafe.copyMemory: available
12:50:25.167 [main] DEBUG io.netty.util.internal.PlatformDependent0 - java.nio.Buffer.address: available
12:50:25.168 [main] DEBUG io.netty.util.internal.PlatformDependent0 - direct buffer constructor: unavailable: Reflective setAccessible(true) disabled
12:50:25.170 [main] DEBUG io.netty.util.internal.PlatformDependent0 - java.nio.Bits.unaligned: available, true
12:50:25.172 [main] DEBUG io.netty.util.internal.PlatformDependent0 - jdk.internal.misc.Unsafe.allocateUninitializedArray(int): unavailable: class io.netty.util.internal.PlatformDependent0$6 cannot access class jdk.internal.misc.Unsafe (in module java.base) because module java.base does not export jdk.internal.misc to unnamed module @1356d4d4
12:50:25.178 [main] DEBUG io.netty.util.internal.PlatformDependent0 - java.nio.DirectByteBuffer.<init>(long, int): unavailable
12:50:25.178 [main] DEBUG io.netty.util.internal.PlatformDependent - sun.misc.Unsafe: available
12:50:25.183 [main] DEBUG io.netty.util.internal.PlatformDependent - maxDirectMemory: 2126512128 bytes (maybe)
12:50:25.183 [main] DEBUG io.netty.util.internal.PlatformDependent - -Dio.netty.tmpdir: C:\Users\61406\AppData\Local\Temp (java.io.tmpdir)
12:50:25.183 [main] DEBUG io.netty.util.internal.PlatformDependent - -Dio.netty.bitMode: 64 (sun.arch.data.model)
12:50:25.184 [main] DEBUG io.netty.util.internal.PlatformDependent - Platform: Windows
12:50:25.185 [main] DEBUG io.netty.util.internal.PlatformDependent - -Dio.netty.maxDirectMemory: -1 bytes
12:50:25.185 [main] DEBUG io.netty.util.internal.PlatformDependent - -Dio.netty.uninitializedArrayAllocationThreshold: -1
12:50:25.188 [main] DEBUG io.netty.util.internal.CleanerJava9 - java.nio.ByteBuffer.cleaner(): available
12:50:25.189 [main] DEBUG io.netty.util.internal.PlatformDependent - -Dio.netty.noPreferDirect: false
12:50:25.202 [main] DEBUG io.netty.util.internal.PlatformDependent - org.jctools-core.MpscChunkedArrayQueue: available
12:50:25.235 [main] DEBUG io.netty.util.internal.InternalThreadLocalMap - -Dio.netty.threadLocalMap.stringBuilder.initialSize: 1024
12:50:25.235 [main] DEBUG io.netty.util.internal.InternalThreadLocalMap - -Dio.netty.threadLocalMap.stringBuilder.maxSize: 4096
12:50:25.385 [main] DEBUG io.netty.handler.ssl.JdkSslContext - Default protocols (JDK): [TLSv1.3, TLSv1.2] 
12:50:25.385 [main] DEBUG io.netty.handler.ssl.JdkSslContext - Default cipher suites (JDK): [TLS_ECDHE_ECDSA_WITH_AES_256_GCM_SHA384, TLS_ECDHE_ECDSA_WITH_AES_128_GCM_SHA256, TLS_ECDHE_RSA_WITH_AES_128_GCM_SHA256, TLS_ECDHE_RSA_WITH_AES_256_GCM_SHA384, TLS_ECDHE_RSA_WITH_AES_128_CBC_SHA, TLS_ECDHE_RSA_WITH_AES_256_CBC_SHA, TLS_RSA_WITH_AES_128_GCM_SHA256, TLS_RSA_WITH_AES_128_CBC_SHA, TLS_RSA_WITH_AES_256_CBC_SHA, TLS_AES_128_GCM_SHA256, TLS_AES_256_GCM_SHA384]
12:50:25.468 [main] DEBUG io.netty.channel.MultithreadEventLoopGroup - -Dio.netty.eventLoopThreads: 16
12:50:25.505 [main] DEBUG io.netty.channel.nio.NioEventLoop - -Dio.netty.noKeySetOptimization: false
12:50:25.506 [main] DEBUG io.netty.channel.nio.NioEventLoop - -Dio.netty.selectorAutoRebuildThreshold: 512
12:50:25.662 [main] DEBUG io.netty.buffer.PooledByteBufAllocator - -Dio.netty.allocator.numHeapArenas: 16
12:50:25.662 [main] DEBUG io.netty.buffer.PooledByteBufAllocator - -Dio.netty.allocator.numDirectArenas: 16
12:50:25.662 [main] DEBUG io.netty.buffer.PooledByteBufAllocator - -Dio.netty.allocator.pageSize: 8192
12:50:25.663 [main] DEBUG io.netty.buffer.PooledByteBufAllocator - -Dio.netty.allocator.maxOrder: 11
12:50:25.663 [main] DEBUG io.netty.buffer.PooledByteBufAllocator - -Dio.netty.allocator.chunkSize: 16777216
12:50:25.663 [main] DEBUG io.netty.buffer.PooledByteBufAllocator - -Dio.netty.allocator.smallCacheSize: 256
12:50:25.663 [main] DEBUG io.netty.buffer.PooledByteBufAllocator - -Dio.netty.allocator.normalCacheSize: 64
12:50:25.663 [main] DEBUG io.netty.buffer.PooledByteBufAllocator - -Dio.netty.allocator.maxCachedBufferCapacity: 32768
12:50:25.663 [main] DEBUG io.netty.buffer.PooledByteBufAllocator - -Dio.netty.allocator.cacheTrimInterval: 8192
12:50:25.663 [main] DEBUG io.netty.buffer.PooledByteBufAllocator - -Dio.netty.allocator.cacheTrimIntervalMillis: 0
12:50:25.663 [main] DEBUG io.netty.buffer.PooledByteBufAllocator - -Dio.netty.allocator.useCacheForAllThreads: true
12:50:25.664 [main] DEBUG io.netty.buffer.PooledByteBufAllocator - -Dio.netty.allocator.maxCachedByteBuffersPerChunk: 1023
12:50:25.723 [main] DEBUG io.netty.buffer.ByteBufUtil - -Dio.netty.allocator.type: pooled
12:50:25.723 [main] DEBUG io.netty.buffer.ByteBufUtil - -Dio.netty.threadLocalDirectBufferSize: 0
12:50:25.723 [main] DEBUG io.netty.buffer.ByteBufUtil - -Dio.netty.maxThreadLocalCharBufferSize: 16384
12:50:26.200 [main] DEBUG net.serenitybdd.core.webdriver.driverproviders.ProvideNewDriver - Instantiating driver
12:50:26.200 [main] DEBUG net.serenitybdd.core.webdriver.driverproviders.ProvideNewDriver - Driver capabilities: Capabilities {acceptInsecureCerts: false, base.url: https://www.saucedemo.com, browserName: chrome, goog:chromeOptions: {args: [], extensions: []}}
12:50:26.694 [Forwarding newSession on session null to remote] DEBUG io.netty.channel.DefaultChannelId - -Dio.netty.processId: 5424 (auto-detected)
12:50:26.696 [Forwarding newSession on session null to remote] DEBUG io.netty.util.NetUtil - -Djava.net.preferIPv4Stack: false
12:50:26.697 [Forwarding newSession on session null to remote] DEBUG io.netty.util.NetUtil - -Djava.net.preferIPv6Addresses: false
12:50:26.710 [Forwarding newSession on session null to remote] DEBUG io.netty.util.NetUtilInitializations - Loopback interface: lo (Software Loopback Interface 1, 127.0.0.1)
12:50:26.712 [Forwarding newSession on session null to remote] DEBUG io.netty.util.NetUtil - Failed to get SOMAXCONN from sysctl and file \proc\sys\net\core\somaxconn. Default: 200
12:50:26.745 [Forwarding newSession on session null to remote] DEBUG io.netty.channel.DefaultChannelId - -Dio.netty.machineId: b8:31:b5:ff:fe:99:03:56 (auto-detected)
12:50:26.820 [AsyncHttpClient-1-2] DEBUG io.netty.buffer.AbstractByteBuf - -Dio.netty.buffer.checkAccessible: true
12:50:26.820 [AsyncHttpClient-1-2] DEBUG io.netty.buffer.AbstractByteBuf - -Dio.netty.buffer.checkBounds: true
12:50:26.820 [AsyncHttpClient-1-2] DEBUG io.netty.util.ResourceLeakDetectorFactory - Loaded default ResourceLeakDetector: io.netty.util.ResourceLeakDetector@62670d12
12:50:26.839 [AsyncHttpClient-1-2] DEBUG org.asynchttpclient.netty.channel.NettyConnectListener - Using new Channel '[id: 0x6b1ccf3a, L:/127.0.0.1:51239 - R:localhost/127.0.0.1:52395]' for 'POST' to '/session'
12:50:26.868 [AsyncHttpClient-1-2] DEBUG io.netty.util.Recycler - -Dio.netty.recycler.maxCapacityPerThread: 4096
12:50:26.868 [AsyncHttpClient-1-2] DEBUG io.netty.util.Recycler - -Dio.netty.recycler.ratio: 8
12:50:26.868 [AsyncHttpClient-1-2] DEBUG io.netty.util.Recycler - -Dio.netty.recycler.chunkSize: 32
12:50:26.869 [AsyncHttpClient-1-2] DEBUG io.netty.util.Recycler - -Dio.netty.recycler.blocking: false
12:50:28.195 [AsyncHttpClient-1-2] DEBUG io.netty.handler.codec.compression.Brotli - brotli4j not in the classpath; Brotli support will be unavailable.
12:50:28.195 [AsyncHttpClient-1-2] DEBUG org.asynchttpclient.netty.handler.HttpHandler - 

Request DefaultHttpRequest(decodeResult: success, version: HTTP/1.1)
POST /session HTTP/1.1
User-Agent: selenium/4.1.2 (java windows)
Content-Length: 492
Content-Type: application/json; charset=utf-8
host: localhost:52395
accept: */*

Response DefaultHttpResponse(decodeResult: success, version: HTTP/1.1)
HTTP/1.1 200 OK
Content-Type: application/json; charset=utf-8
cache-control: no-cache
content-length: 789

12:50:28.218 [AsyncHttpClient-1-2] DEBUG org.asynchttpclient.netty.channel.ChannelManager - Adding key: http://localhost:52395 for channel [id: 0x6b1ccf3a, L:/127.0.0.1:51239 - R:localhost/127.0.0.1:52395]
12:50:28.385 [AsyncHttpClient-1-3] DEBUG org.asynchttpclient.netty.channel.NettyConnectListener - Using new Channel '[id: 0xc7ec04d5, L:/127.0.0.1:51248 - R:localhost/127.0.0.1:51240]' for 'GET' to '/json/version'
12:50:28.398 [AsyncHttpClient-1-3] DEBUG org.asynchttpclient.netty.handler.HttpHandler - 

Request DefaultFullHttpRequest(decodeResult: success, version: HTTP/1.1, content: EmptyByteBufBE)
GET /json/version HTTP/1.1
User-Agent: selenium/4.1.2 (java windows)
host: localhost:51240
accept: */*

Response DefaultHttpResponse(decodeResult: success, version: HTTP/1.1)
HTTP/1.1 200 OK
Content-Type: application/json; charset=UTF-8
content-length: 423

12:50:28.399 [AsyncHttpClient-1-3] DEBUG org.asynchttpclient.netty.channel.ChannelManager - Adding key: http://localhost:51240 for channel [id: 0xc7ec04d5, L:/127.0.0.1:51248 - R:localhost/127.0.0.1:51240]
12:50:28.417 [main] DEBUG io.netty.util.internal.ThreadLocalRandom - -Dio.netty.initialSeedUniquifier: 0xfe47bd1a8c0f69e2
12:50:28.425 [AsyncHttpClient-1-4] DEBUG org.asynchttpclient.netty.channel.NettyConnectListener - Using new Channel '[id: 0x15367027, L:/127.0.0.1:51249 - R:localhost/127.0.0.1:51240]' for 'GET' to '/devtools/browser/6e750b97-a0ef-4ece-9cbf-119ed5fab541'
12:50:28.437 [AsyncHttpClient-1-4] DEBUG org.asynchttpclient.netty.handler.WebSocketHandler - 

Request DefaultFullHttpRequest(decodeResult: success, version: HTTP/1.1, content: EmptyByteBufBE)
GET /devtools/browser/6e750b97-a0ef-4ece-9cbf-119ed5fab541 HTTP/1.1
upgrade: websocket
connection: upgrade
sec-websocket-key: i0ZikA3I6uZp4y1/3IUJvg==
sec-websocket-version: 13
origin: http://localhost:51240
host: localhost:51240
accept: */*
user-agent: AHC/2.1

Response DefaultHttpResponse(decodeResult: success, version: HTTP/1.1)
HTTP/1.1 101 WebSocket Protocol Handshake
Upgrade: WebSocket
Connection: Upgrade
Sec-WebSocket-Accept: oUPc/1nRhDi2alFqQfmbNusE4xY=

12:50:28.612 [AsyncHttpClient-1-1] DEBUG org.asynchttpclient.netty.channel.DefaultChannelPool - Entry count for : http://localhost:52395 : 1
12:50:28.612 [AsyncHttpClient-1-1] DEBUG org.asynchttpclient.netty.channel.DefaultChannelPool - Entry count for : http://localhost:51240 : 1
12:50:29.716 [AsyncHttpClient-1-1] DEBUG org.asynchttpclient.netty.channel.DefaultChannelPool - Entry count for : http://localhost:52395 : 1
12:50:29.717 [AsyncHttpClient-1-1] DEBUG org.asynchttpclient.netty.channel.DefaultChannelPool - Entry count for : http://localhost:51240 : 1
12:50:30.002 [main] DEBUG net.thucydides.core.reflection.ClassFinder - Could not load class .UIPages.LoginPage
12:50:30.002 [main] DEBUG net.thucydides.core.reflection.ClassFinder - Could not load class .serenitysample.LoginTest
12:50:30.003 [main] DEBUG net.thucydides.core.reflection.ClassFinder - Could not load class .steps.LoginPageSteps
12:50:30.004 [main] DEBUG net.thucydides.core.reflection.ClassFinder - Could not load class META-INF.versions.9.com.sun.istack.logging.StackHelper
12:50:30.005 [main] DEBUG net.thucydides.core.reflection.ClassFinder - Could not load class META-INF.versions.9.com.sun.xml.bind.v2.runtime.reflect.opt.AccessorInjector
12:50:30.005 [main] DEBUG net.thucydides.core.reflection.ClassFinder - Could not load class META-INF.versions.9.com.sun.xml.bind.v2.runtime.reflect.opt.Injector
12:50:30.006 [main] DEBUG net.thucydides.core.reflection.ClassFinder - Could not load class META-INF.versions.9.com.sun.xml.bind.v2.runtime.reflect.opt.OptimizedAccessorFactory
12:50:30.008 [main] DEBUG net.thucydides.core.reflection.ClassFinder - Could not load class META-INF.versions.9.com.sun.xml.bind.v2.runtime.reflect.opt.OptimizedTransducedAccessorFactory
12:50:30.009 [main] DEBUG net.thucydides.core.reflection.ClassFinder - Could not load class META-INF.versions.9.io.opentelemetry.sdk.internal.CurrentJavaVersionSpecific
12:50:30.010 [main] DEBUG net.thucydides.core.reflection.ClassFinder - Could not load class META-INF.versions.9.io.opentelemetry.sdk.internal.Java9VersionSpecific
12:50:30.011 [main] DEBUG net.thucydides.core.reflection.ClassFinder - Could not load class META-INF.versions.9.javax.xml.bind.ModuleUtil
12:50:30.012 [main] DEBUG net.thucydides.core.reflection.ClassFinder - Could not load class META-INF.versions.9.module-info
12:50:30.014 [main] DEBUG net.thucydides.core.reflection.ClassFinder - Could not load class META-INF.versions.9.org.junit.platform.commons.util.ModuleUtils
12:50:30.019 [main] DEBUG net.thucydides.core.reflection.ClassFinder - Could not load class com.google.gson.internal.
12:50:30.021 [main] DEBUG net.thucydides.core.reflection.ClassFinder - Could not load class com.sun.xml.bind.v2.runtime.output.FastInfosetStreamWriterOutput
12:50:30.029 [main] DEBUG net.thucydides.core.reflection.ClassFinder - Could not load class module-info
12:50:30.072 [Forwarding get on session ed92a726813271a88759a9afd054b001 to remote] DEBUG org.asynchttpclient.netty.request.NettyRequestSender - Using pooled Channel '[id: 0x6b1ccf3a, L:/127.0.0.1:51239 - R:localhost/127.0.0.1:52395]' for 'POST' to 'http://localhost:52395/session/ed92a726813271a88759a9afd054b001/url'
12:50:30.073 [Forwarding get on session ed92a726813271a88759a9afd054b001 to remote] DEBUG org.asynchttpclient.netty.request.NettyRequestSender - Using open Channel [id: 0x6b1ccf3a, L:/127.0.0.1:51239 - R:localhost/127.0.0.1:52395] for POST '/session/ed92a726813271a88759a9afd054b001/url'
12:50:30.692 [AsyncHttpClient-1-2] DEBUG org.asynchttpclient.netty.handler.HttpHandler - 

Request DefaultHttpRequest(decodeResult: success, version: HTTP/1.1)
POST /session/ed92a726813271a88759a9afd054b001/url HTTP/1.1
User-Agent: selenium/4.1.2 (java windows)
Content-Length: 50
Content-Type: application/json; charset=utf-8
host: localhost:52395
accept: */*

Response DefaultHttpResponse(decodeResult: success, version: HTTP/1.1)
HTTP/1.1 200 OK
Content-Type: application/json; charset=utf-8
cache-control: no-cache
content-length: 14

12:50:30.693 [AsyncHttpClient-1-2] DEBUG org.asynchttpclient.netty.channel.ChannelManager - Adding key: http://localhost:52395 for channel [id: 0x6b1ccf3a, L:/127.0.0.1:51239 - R:localhost/127.0.0.1:52395]
12:50:30.718 [Forwarding setTimeout on session ed92a726813271a88759a9afd054b001 to remote] DEBUG org.asynchttpclient.netty.request.NettyRequestSender - Using pooled Channel '[id: 0x6b1ccf3a, L:/127.0.0.1:51239 - R:localhost/127.0.0.1:52395]' for 'POST' to 'http://localhost:52395/session/ed92a726813271a88759a9afd054b001/timeouts'
12:50:30.718 [Forwarding setTimeout on session ed92a726813271a88759a9afd054b001 to remote] DEBUG org.asynchttpclient.netty.request.NettyRequestSender - Using open Channel [id: 0x6b1ccf3a, L:/127.0.0.1:51239 - R:localhost/127.0.0.1:52395] for POST '/session/ed92a726813271a88759a9afd054b001/timeouts'
12:50:30.729 [AsyncHttpClient-1-2] DEBUG org.asynchttpclient.netty.handler.HttpHandler - 

Request DefaultHttpRequest(decodeResult: success, version: HTTP/1.1)
POST /session/ed92a726813271a88759a9afd054b001/timeouts HTTP/1.1
User-Agent: selenium/4.1.2 (java windows)
Content-Length: 22
Content-Type: application/json; charset=utf-8
host: localhost:52395
accept: */*

Response DefaultHttpResponse(decodeResult: success, version: HTTP/1.1)
HTTP/1.1 200 OK
Content-Type: application/json; charset=utf-8
cache-control: no-cache
content-length: 14

12:50:30.730 [AsyncHttpClient-1-2] DEBUG org.asynchttpclient.netty.channel.ChannelManager - Adding key: http://localhost:52395 for channel [id: 0x6b1ccf3a, L:/127.0.0.1:51239 - R:localhost/127.0.0.1:52395]
12:50:30.745 [Forwarding getCurrentUrl on session ed92a726813271a88759a9afd054b001 to remote] DEBUG org.asynchttpclient.netty.request.NettyRequestSender - Using pooled Channel '[id: 0x6b1ccf3a, L:/127.0.0.1:51239 - R:localhost/127.0.0.1:52395]' for 'GET' to 'http://localhost:52395/session/ed92a726813271a88759a9afd054b001/url'
12:50:30.746 [Forwarding getCurrentUrl on session ed92a726813271a88759a9afd054b001 to remote] DEBUG org.asynchttpclient.netty.request.NettyRequestSender - Using open Channel [id: 0x6b1ccf3a, L:/127.0.0.1:51239 - R:localhost/127.0.0.1:52395] for GET '/session/ed92a726813271a88759a9afd054b001/url'
12:50:30.767 [AsyncHttpClient-1-2] DEBUG org.asynchttpclient.netty.handler.HttpHandler - 

Request DefaultFullHttpRequest(decodeResult: success, version: HTTP/1.1, content: EmptyByteBufBE)
GET /session/ed92a726813271a88759a9afd054b001/url HTTP/1.1
User-Agent: selenium/4.1.2 (java windows)
Cache-Control: no-cache
Content-Type: application/json; charset=utf-8
host: localhost:52395
accept: */*

Response DefaultHttpResponse(decodeResult: success, version: HTTP/1.1)
HTTP/1.1 200 OK
Content-Type: application/json; charset=utf-8
cache-control: no-cache
content-length: 38

12:50:30.768 [AsyncHttpClient-1-2] DEBUG org.asynchttpclient.netty.channel.ChannelManager - Adding key: http://localhost:52395 for channel [id: 0x6b1ccf3a, L:/127.0.0.1:51239 - R:localhost/127.0.0.1:52395]
12:50:30.780 [Forwarding getCurrentUrl on session ed92a726813271a88759a9afd054b001 to remote] DEBUG org.asynchttpclient.netty.request.NettyRequestSender - Using pooled Channel '[id: 0x6b1ccf3a, L:/127.0.0.1:51239 - R:localhost/127.0.0.1:52395]' for 'GET' to 'http://localhost:52395/session/ed92a726813271a88759a9afd054b001/url'
12:50:30.780 [Forwarding getCurrentUrl on session ed92a726813271a88759a9afd054b001 to remote] DEBUG org.asynchttpclient.netty.request.NettyRequestSender - Using open Channel [id: 0x6b1ccf3a, L:/127.0.0.1:51239 - R:localhost/127.0.0.1:52395] for GET '/session/ed92a726813271a88759a9afd054b001/url'
12:50:30.807 [AsyncHttpClient-1-2] DEBUG org.asynchttpclient.netty.handler.HttpHandler - 

Request DefaultFullHttpRequest(decodeResult: success, version: HTTP/1.1, content: EmptyByteBufBE)
GET /session/ed92a726813271a88759a9afd054b001/url HTTP/1.1
User-Agent: selenium/4.1.2 (java windows)
Cache-Control: no-cache
Content-Type: application/json; charset=utf-8
host: localhost:52395
accept: */*

Response DefaultHttpResponse(decodeResult: success, version: HTTP/1.1)
HTTP/1.1 200 OK
Content-Type: application/json; charset=utf-8
cache-control: no-cache
content-length: 38

12:50:30.808 [AsyncHttpClient-1-2] DEBUG org.asynchttpclient.netty.channel.ChannelManager - Adding key: http://localhost:52395 for channel [id: 0x6b1ccf3a, L:/127.0.0.1:51239 - R:localhost/127.0.0.1:52395]
12:50:30.809 [AsyncHttpClient-1-1] DEBUG org.asynchttpclient.netty.channel.DefaultChannelPool - Entry count for : http://localhost:52395 : 1
12:50:30.809 [AsyncHttpClient-1-1] DEBUG org.asynchttpclient.netty.channel.DefaultChannelPool - Entry count for : http://localhost:51240 : 1
12:50:30.876 [main] DEBUG net.serenitybdd.core.photography.Darkroom - Opening darkroom
12:50:30.878 [Darkroom Processing Line] DEBUG net.serenitybdd.core.photography.DarkroomProcessingLine - Darkroom processing line starting up
12:50:30.880 [Forwarding screenshot on session ed92a726813271a88759a9afd054b001 to remote] DEBUG org.asynchttpclient.netty.request.NettyRequestSender - Using pooled Channel '[id: 0x6b1ccf3a, L:/127.0.0.1:51239 - R:localhost/127.0.0.1:52395]' for 'GET' to 'http://localhost:52395/session/ed92a726813271a88759a9afd054b001/screenshot'
12:50:30.880 [Forwarding screenshot on session ed92a726813271a88759a9afd054b001 to remote] DEBUG org.asynchttpclient.netty.request.NettyRequestSender - Using open Channel [id: 0x6b1ccf3a, L:/127.0.0.1:51239 - R:localhost/127.0.0.1:52395] for GET '/session/ed92a726813271a88759a9afd054b001/screenshot'
12:50:31.098 [AsyncHttpClient-1-2] DEBUG org.asynchttpclient.netty.handler.HttpHandler - 

Request DefaultFullHttpRequest(decodeResult: success, version: HTTP/1.1, content: EmptyByteBufBE)
GET /session/ed92a726813271a88759a9afd054b001/screenshot HTTP/1.1
User-Agent: selenium/4.1.2 (java windows)
Cache-Control: no-cache
Content-Type: application/json; charset=utf-8
host: localhost:52395
accept: */*

Response DefaultHttpResponse(decodeResult: success, version: HTTP/1.1)
HTTP/1.1 200 OK
Content-Type: application/json; charset=utf-8
cache-control: no-cache
content-length: 64016

12:50:31.101 [AsyncHttpClient-1-2] DEBUG org.asynchttpclient.netty.channel.ChannelManager - Adding key: http://localhost:52395 for channel [id: 0x6b1ccf3a, L:/127.0.0.1:51239 - R:localhost/127.0.0.1:52395]
12:50:31.283 [main] DEBUG net.serenitybdd.core.photography.Darkroom - Send negative for processing for target\site\serenity\63ae2c813a3a12ce3b2bacbb9917b17e286a6b116ae7e9cd828ebf195d434514.png
12:50:31.290 [main] DEBUG net.thucydides.core.steps.StepInterceptor - STEP DONE: onLoginPage
12:50:31.308 [main] DEBUG net.thucydides.core.steps.StepInterceptor - STARTING STEP: LoginTest.doLogin - addUser
12:50:31.317 [Forwarding findElement on session ed92a726813271a88759a9afd054b001 to remote] DEBUG org.asynchttpclient.netty.request.NettyRequestSender - Using pooled Channel '[id: 0x6b1ccf3a, L:/127.0.0.1:51239 - R:localhost/127.0.0.1:52395]' for 'POST' to 'http://localhost:52395/session/ed92a726813271a88759a9afd054b001/element'
12:50:31.317 [Forwarding findElement on session ed92a726813271a88759a9afd054b001 to remote] DEBUG org.asynchttpclient.netty.request.NettyRequestSender - Using open Channel [id: 0x6b1ccf3a, L:/127.0.0.1:51239 - R:localhost/127.0.0.1:52395] for POST '/session/ed92a726813271a88759a9afd054b001/element'
12:50:31.356 [AsyncHttpClient-1-2] DEBUG org.asynchttpclient.netty.handler.HttpHandler - 

Request DefaultHttpRequest(decodeResult: success, version: HTTP/1.1)
POST /session/ed92a726813271a88759a9afd054b001/element HTTP/1.1
User-Agent: selenium/4.1.2 (java windows)
Content-Length: 71
Content-Type: application/json; charset=utf-8
host: localhost:52395
accept: */*

Response DefaultHttpResponse(decodeResult: success, version: HTTP/1.1)
HTTP/1.1 200 OK
Content-Type: application/json; charset=utf-8
cache-control: no-cache
content-length: 88

12:50:31.368 [AsyncHttpClient-1-2] DEBUG org.asynchttpclient.netty.channel.ChannelManager - Adding key: http://localhost:52395 for channel [id: 0x6b1ccf3a, L:/127.0.0.1:51239 - R:localhost/127.0.0.1:52395]
12:50:31.382 [Forwarding sendKeysToElement on session ed92a726813271a88759a9afd054b001 to remote] DEBUG org.asynchttpclient.netty.request.NettyRequestSender - Using pooled Channel '[id: 0x6b1ccf3a, L:/127.0.0.1:51239 - R:localhost/127.0.0.1:52395]' for 'POST' to 'http://localhost:52395/session/ed92a726813271a88759a9afd054b001/element/5be0a68e-e730-4928-8e7b-81d019aad20f/value'
12:50:31.382 [Forwarding sendKeysToElement on session ed92a726813271a88759a9afd054b001 to remote] DEBUG org.asynchttpclient.netty.request.NettyRequestSender - Using open Channel [id: 0x6b1ccf3a, L:/127.0.0.1:51239 - R:localhost/127.0.0.1:52395] for POST '/session/ed92a726813271a88759a9afd054b001/element/5be0a68e-e730-4928-8e7b-81d019aad20f/value'
12:50:31.916 [AsyncHttpClient-1-1] DEBUG org.asynchttpclient.netty.channel.DefaultChannelPool - Entry count for : http://localhost:51240 : 1
12:50:31.931 [AsyncHttpClient-1-2] DEBUG org.asynchttpclient.netty.handler.HttpHandler - 

Request DefaultHttpRequest(decodeResult: success, version: HTTP/1.1)
POST /session/ed92a726813271a88759a9afd054b001/element/5be0a68e-e730-4928-8e7b-81d019aad20f/value HTTP/1.1
User-Agent: selenium/4.1.2 (java windows)
Content-Length: 211
Content-Type: application/json; charset=utf-8
host: localhost:52395
accept: */*

Response DefaultHttpResponse(decodeResult: success, version: HTTP/1.1)
HTTP/1.1 200 OK
Content-Type: application/json; charset=utf-8
cache-control: no-cache
content-length: 14

12:50:31.932 [AsyncHttpClient-1-2] DEBUG org.asynchttpclient.netty.channel.ChannelManager - Adding key: http://localhost:52395 for channel [id: 0x6b1ccf3a, L:/127.0.0.1:51239 - R:localhost/127.0.0.1:52395]
12:50:31.945 [Forwarding findElement on session ed92a726813271a88759a9afd054b001 to remote] DEBUG org.asynchttpclient.netty.request.NettyRequestSender - Using pooled Channel '[id: 0x6b1ccf3a, L:/127.0.0.1:51239 - R:localhost/127.0.0.1:52395]' for 'POST' to 'http://localhost:52395/session/ed92a726813271a88759a9afd054b001/element'
12:50:31.945 [Forwarding findElement on session ed92a726813271a88759a9afd054b001 to remote] DEBUG org.asynchttpclient.netty.request.NettyRequestSender - Using open Channel [id: 0x6b1ccf3a, L:/127.0.0.1:51239 - R:localhost/127.0.0.1:52395] for POST '/session/ed92a726813271a88759a9afd054b001/element'
12:50:32.005 [AsyncHttpClient-1-2] DEBUG org.asynchttpclient.netty.handler.HttpHandler - 

Request DefaultHttpRequest(decodeResult: success, version: HTTP/1.1)
POST /session/ed92a726813271a88759a9afd054b001/element HTTP/1.1
User-Agent: selenium/4.1.2 (java windows)
Content-Length: 70
Content-Type: application/json; charset=utf-8
host: localhost:52395
accept: */*

Response DefaultHttpResponse(decodeResult: success, version: HTTP/1.1)
HTTP/1.1 200 OK
Content-Type: application/json; charset=utf-8
cache-control: no-cache
content-length: 88

12:50:32.006 [AsyncHttpClient-1-2] DEBUG org.asynchttpclient.netty.channel.ChannelManager - Adding key: http://localhost:52395 for channel [id: 0x6b1ccf3a, L:/127.0.0.1:51239 - R:localhost/127.0.0.1:52395]
12:50:32.018 [Forwarding sendKeysToElement on session ed92a726813271a88759a9afd054b001 to remote] DEBUG org.asynchttpclient.netty.request.NettyRequestSender - Using pooled Channel '[id: 0x6b1ccf3a, L:/127.0.0.1:51239 - R:localhost/127.0.0.1:52395]' for 'POST' to 'http://localhost:52395/session/ed92a726813271a88759a9afd054b001/element/c26d410b-f152-45ca-b6b8-ddf2cfaa46ef/value'
12:50:32.018 [Forwarding sendKeysToElement on session ed92a726813271a88759a9afd054b001 to remote] DEBUG org.asynchttpclient.netty.request.NettyRequestSender - Using open Channel [id: 0x6b1ccf3a, L:/127.0.0.1:51239 - R:localhost/127.0.0.1:52395] for POST '/session/ed92a726813271a88759a9afd054b001/element/c26d410b-f152-45ca-b6b8-ddf2cfaa46ef/value'
12:50:32.318 [AsyncHttpClient-1-2] DEBUG org.asynchttpclient.netty.handler.HttpHandler - 

Request DefaultHttpRequest(decodeResult: success, version: HTTP/1.1)
POST /session/ed92a726813271a88759a9afd054b001/element/c26d410b-f152-45ca-b6b8-ddf2cfaa46ef/value HTTP/1.1
User-Agent: selenium/4.1.2 (java windows)
Content-Length: 201
Content-Type: application/json; charset=utf-8
host: localhost:52395
accept: */*

Response DefaultHttpResponse(decodeResult: success, version: HTTP/1.1)
HTTP/1.1 200 OK
Content-Type: application/json; charset=utf-8
cache-control: no-cache
content-length: 14

12:50:32.319 [AsyncHttpClient-1-2] DEBUG org.asynchttpclient.netty.channel.ChannelManager - Adding key: http://localhost:52395 for channel [id: 0x6b1ccf3a, L:/127.0.0.1:51239 - R:localhost/127.0.0.1:52395]
12:50:32.330 [Forwarding findElement on session ed92a726813271a88759a9afd054b001 to remote] DEBUG org.asynchttpclient.netty.request.NettyRequestSender - Using pooled Channel '[id: 0x6b1ccf3a, L:/127.0.0.1:51239 - R:localhost/127.0.0.1:52395]' for 'POST' to 'http://localhost:52395/session/ed92a726813271a88759a9afd054b001/element'
12:50:32.331 [Forwarding findElement on session ed92a726813271a88759a9afd054b001 to remote] DEBUG org.asynchttpclient.netty.request.NettyRequestSender - Using open Channel [id: 0x6b1ccf3a, L:/127.0.0.1:51239 - R:localhost/127.0.0.1:52395] for POST '/session/ed92a726813271a88759a9afd054b001/element'
12:50:32.379 [AsyncHttpClient-1-2] DEBUG org.asynchttpclient.netty.handler.HttpHandler - 

Request DefaultHttpRequest(decodeResult: success, version: HTTP/1.1)
POST /session/ed92a726813271a88759a9afd054b001/element HTTP/1.1
User-Agent: selenium/4.1.2 (java windows)
Content-Length: 74
Content-Type: application/json; charset=utf-8
host: localhost:52395
accept: */*

Response DefaultHttpResponse(decodeResult: success, version: HTTP/1.1)
HTTP/1.1 200 OK
Content-Type: application/json; charset=utf-8
cache-control: no-cache
content-length: 88

12:50:32.380 [AsyncHttpClient-1-2] DEBUG org.asynchttpclient.netty.channel.ChannelManager - Adding key: http://localhost:52395 for channel [id: 0x6b1ccf3a, L:/127.0.0.1:51239 - R:localhost/127.0.0.1:52395]
12:50:32.386 [Forwarding sendKeysToElement on session ed92a726813271a88759a9afd054b001 to remote] DEBUG org.asynchttpclient.netty.request.NettyRequestSender - Using pooled Channel '[id: 0x6b1ccf3a, L:/127.0.0.1:51239 - R:localhost/127.0.0.1:52395]' for 'POST' to 'http://localhost:52395/session/ed92a726813271a88759a9afd054b001/element/6981d540-d857-4c9b-a142-16e425ac0cd4/value'
12:50:32.388 [Forwarding sendKeysToElement on session ed92a726813271a88759a9afd054b001 to remote] DEBUG org.asynchttpclient.netty.request.NettyRequestSender - Using open Channel [id: 0x6b1ccf3a, L:/127.0.0.1:51239 - R:localhost/127.0.0.1:52395] for POST '/session/ed92a726813271a88759a9afd054b001/element/6981d540-d857-4c9b-a142-16e425ac0cd4/value'
12:50:32.816 [AsyncHttpClient-1-2] DEBUG org.asynchttpclient.netty.handler.HttpHandler - 

Request DefaultHttpRequest(decodeResult: success, version: HTTP/1.1)
POST /session/ed92a726813271a88759a9afd054b001/element/6981d540-d857-4c9b-a142-16e425ac0cd4/value HTTP/1.1
User-Agent: selenium/4.1.2 (java windows)
Content-Length: 95
Content-Type: application/json; charset=utf-8
host: localhost:52395
accept: */*

Response DefaultHttpResponse(decodeResult: success, version: HTTP/1.1)
HTTP/1.1 200 OK
Content-Type: application/json; charset=utf-8
cache-control: no-cache
content-length: 14

12:50:32.817 [AsyncHttpClient-1-2] DEBUG org.asynchttpclient.netty.channel.ChannelManager - Adding key: http://localhost:52395 for channel [id: 0x6b1ccf3a, L:/127.0.0.1:51239 - R:localhost/127.0.0.1:52395]
12:50:32.848 [Forwarding screenshot on session ed92a726813271a88759a9afd054b001 to remote] DEBUG org.asynchttpclient.netty.request.NettyRequestSender - Using pooled Channel '[id: 0x6b1ccf3a, L:/127.0.0.1:51239 - R:localhost/127.0.0.1:52395]' for 'GET' to 'http://localhost:52395/session/ed92a726813271a88759a9afd054b001/screenshot'
12:50:32.848 [Forwarding screenshot on session ed92a726813271a88759a9afd054b001 to remote] DEBUG org.asynchttpclient.netty.request.NettyRequestSender - Using open Channel [id: 0x6b1ccf3a, L:/127.0.0.1:51239 - R:localhost/127.0.0.1:52395] for GET '/session/ed92a726813271a88759a9afd054b001/screenshot'
12:50:33.011 [AsyncHttpClient-1-1] DEBUG org.asynchttpclient.netty.channel.DefaultChannelPool - Entry count for : http://localhost:51240 : 1
12:50:33.928 [AsyncHttpClient-1-2] DEBUG org.asynchttpclient.netty.handler.HttpHandler - 

Request DefaultFullHttpRequest(decodeResult: success, version: HTTP/1.1, content: EmptyByteBufBE)
GET /session/ed92a726813271a88759a9afd054b001/screenshot HTTP/1.1
User-Agent: selenium/4.1.2 (java windows)
Cache-Control: no-cache
Content-Type: application/json; charset=utf-8
host: localhost:52395
accept: */*

Response DefaultHttpResponse(decodeResult: success, version: HTTP/1.1)
HTTP/1.1 200 OK
Content-Type: application/json; charset=utf-8
cache-control: no-cache
content-length: 478224

12:50:33.946 [AsyncHttpClient-1-2] DEBUG org.asynchttpclient.netty.channel.ChannelManager - Adding key: http://localhost:52395 for channel [id: 0x6b1ccf3a, L:/127.0.0.1:51239 - R:localhost/127.0.0.1:52395]
12:50:34.034 [main] DEBUG net.serenitybdd.core.photography.Darkroom - Send negative for processing for target\site\serenity\e09ae2403e65002624f9b21469bffd77dc2d611f8fdf70fcc064d539de6a1fa5.png
12:50:34.034 [main] DEBUG net.thucydides.core.steps.StepInterceptor - STEP DONE: addUser
12:50:34.048 [main] DEBUG net.thucydides.core.steps.StepInterceptor - STARTING STEP: LoginTest.doLogin - userShouldLogin
12:50:34.052 [Forwarding findElement on session ed92a726813271a88759a9afd054b001 to remote] DEBUG org.asynchttpclient.netty.request.NettyRequestSender - Using pooled Channel '[id: 0x6b1ccf3a, L:/127.0.0.1:51239 - R:localhost/127.0.0.1:52395]' for 'POST' to 'http://localhost:52395/session/ed92a726813271a88759a9afd054b001/element'
12:50:34.052 [Forwarding findElement on session ed92a726813271a88759a9afd054b001 to remote] DEBUG org.asynchttpclient.netty.request.NettyRequestSender - Using open Channel [id: 0x6b1ccf3a, L:/127.0.0.1:51239 - R:localhost/127.0.0.1:52395] for POST '/session/ed92a726813271a88759a9afd054b001/element'
12:50:34.077 [AsyncHttpClient-1-2] DEBUG org.asynchttpclient.netty.handler.HttpHandler - 

Request DefaultHttpRequest(decodeResult: success, version: HTTP/1.1)
POST /session/ed92a726813271a88759a9afd054b001/element HTTP/1.1
User-Agent: selenium/4.1.2 (java windows)
Content-Length: 82
Content-Type: application/json; charset=utf-8
host: localhost:52395
accept: */*

Response DefaultHttpResponse(decodeResult: success, version: HTTP/1.1)
HTTP/1.1 200 OK
Content-Type: application/json; charset=utf-8
cache-control: no-cache
content-length: 88

12:50:34.078 [AsyncHttpClient-1-2] DEBUG org.asynchttpclient.netty.channel.ChannelManager - Adding key: http://localhost:52395 for channel [id: 0x6b1ccf3a, L:/127.0.0.1:51239 - R:localhost/127.0.0.1:52395]
12:50:34.080 [Forwarding getElementText on session ed92a726813271a88759a9afd054b001 to remote] DEBUG org.asynchttpclient.netty.request.NettyRequestSender - Using pooled Channel '[id: 0x6b1ccf3a, L:/127.0.0.1:51239 - R:localhost/127.0.0.1:52395]' for 'GET' to 'http://localhost:52395/session/ed92a726813271a88759a9afd054b001/element/18be2154-edd7-49a2-a4f1-def48a2d4464/text'
12:50:34.081 [Forwarding getElementText on session ed92a726813271a88759a9afd054b001 to remote] DEBUG org.asynchttpclient.netty.request.NettyRequestSender - Using open Channel [id: 0x6b1ccf3a, L:/127.0.0.1:51239 - R:localhost/127.0.0.1:52395] for GET '/session/ed92a726813271a88759a9afd054b001/element/18be2154-edd7-49a2-a4f1-def48a2d4464/text'
12:50:34.109 [AsyncHttpClient-1-2] DEBUG org.asynchttpclient.netty.handler.HttpHandler - 

Request DefaultFullHttpRequest(decodeResult: success, version: HTTP/1.1, content: EmptyByteBufBE)
GET /session/ed92a726813271a88759a9afd054b001/element/18be2154-edd7-49a2-a4f1-def48a2d4464/text HTTP/1.1
User-Agent: selenium/4.1.2 (java windows)
Cache-Control: no-cache
Content-Type: application/json; charset=utf-8
host: localhost:52395
accept: */*

Response DefaultHttpResponse(decodeResult: success, version: HTTP/1.1)
HTTP/1.1 200 OK
Content-Type: application/json; charset=utf-8
cache-control: no-cache
content-length: 20

12:50:34.110 [AsyncHttpClient-1-2] DEBUG org.asynchttpclient.netty.channel.ChannelManager - Adding key: http://localhost:52395 for channel [id: 0x6b1ccf3a, L:/127.0.0.1:51239 - R:localhost/127.0.0.1:52395]
12:50:34.118 [AsyncHttpClient-1-1] DEBUG org.asynchttpclient.netty.channel.DefaultChannelPool - Entry count for : http://localhost:52395 : 1
12:50:34.118 [AsyncHttpClient-1-1] DEBUG org.asynchttpclient.netty.channel.DefaultChannelPool - Entry count for : http://localhost:51240 : 1
12:50:34.119 [Forwarding screenshot on session ed92a726813271a88759a9afd054b001 to remote] DEBUG org.asynchttpclient.netty.request.NettyRequestSender - Using pooled Channel '[id: 0x6b1ccf3a, L:/127.0.0.1:51239 - R:localhost/127.0.0.1:52395]' for 'GET' to 'http://localhost:52395/session/ed92a726813271a88759a9afd054b001/screenshot'
12:50:34.119 [Forwarding screenshot on session ed92a726813271a88759a9afd054b001 to remote] DEBUG org.asynchttpclient.netty.request.NettyRequestSender - Using open Channel [id: 0x6b1ccf3a, L:/127.0.0.1:51239 - R:localhost/127.0.0.1:52395] for GET '/session/ed92a726813271a88759a9afd054b001/screenshot'
12:50:34.452 [AsyncHttpClient-1-2] DEBUG org.asynchttpclient.netty.handler.HttpHandler - 

Request DefaultFullHttpRequest(decodeResult: success, version: HTTP/1.1, content: EmptyByteBufBE)
GET /session/ed92a726813271a88759a9afd054b001/screenshot HTTP/1.1
User-Agent: selenium/4.1.2 (java windows)
Cache-Control: no-cache
Content-Type: application/json; charset=utf-8
host: localhost:52395
accept: */*

Response DefaultHttpResponse(decodeResult: success, version: HTTP/1.1)
HTTP/1.1 200 OK
Content-Type: application/json; charset=utf-8
cache-control: no-cache
content-length: 478224

12:50:34.477 [AsyncHttpClient-1-2] DEBUG org.asynchttpclient.netty.channel.ChannelManager - Adding key: http://localhost:52395 for channel [id: 0x6b1ccf3a, L:/127.0.0.1:51239 - R:localhost/127.0.0.1:52395]
12:50:34.500 [main] DEBUG net.serenitybdd.core.photography.Darkroom - Send negative for processing for target\site\serenity\e09ae2403e65002624f9b21469bffd77dc2d611f8fdf70fcc064d539de6a1fa5.png
12:50:34.501 [main] DEBUG net.thucydides.core.steps.StepInterceptor - STEP DONE: userShouldLogin
]]></system-out>
    <system-err><![CDATA[Starting ChromeDriver 107.0.5304.62 (1eec40d3a5764881c92085aaee66d25075c159aa-refs/branch-heads/5304@{#942}) on port 52395
Only local connections are allowed.
Please see https://chromedriver.chromium.org/security-considerations for suggestions on keeping ChromeDriver safe.
ChromeDriver was started successfully.
Nov 07, 2022 12:50:28 PM org.openqa.selenium.remote.ProtocolHandshake createSession
INFO: Detected dialect: W3C
Nov 07, 2022 12:50:28 PM org.openqa.selenium.devtools.CdpVersionFinder findNearestMatch
WARNING: Unable to find an exact match for CDP version 107, so returning the closest version found: a no-op implementation
Nov 07, 2022 12:50:28 PM org.openqa.selenium.devtools.CdpVersionFinder findNearestMatch
INFO: Unable to find CDP implementation matching 107.
Nov 07, 2022 12:50:28 PM org.openqa.selenium.chromium.ChromiumDriver lambda$new$3
WARNING: Unable to find version of CDP to use for . You may need to include a dependency on a specific version of the CDP using something similar to `org.seleniumhq.selenium:selenium-devtools-v86:4.1.2` where the version ("v86") matches the version of the chromium-based browser you're using and the version number of the artifact is the same as Selenium's.
]]></system-err>
  </testcase>
</testsuite>